INFO  11:37:24 Application started. Press Ctrl+C to shut down.
INFO  11:37:24 Application started. Press Ctrl+C to shut down.
INFO  11:37:24 Hosting environment: Development
INFO  11:37:24 Hosting environment: Development
INFO  11:37:24 Content root path: E:\CTS\Simulation Project\roomie1\List
INFO  11:37:24 Content root path: E:\CTS\Simulation Project\roomie1\List
INFO  11:37:29 API initiated
INFO  03:02:33 Application started. Press Ctrl+C to shut down.
INFO  03:02:33 Application started. Press Ctrl+C to shut down.
INFO  03:02:33 Hosting environment: Development
INFO  03:02:33 Hosting environment: Development
INFO  03:02:33 Content root path: E:\CTS\Simulation Project\roomie1\List
INFO  03:02:33 Content root path: E:\CTS\Simulation Project\roomie1\List
INFO  03:08:13 Application started. Press Ctrl+C to shut down.
INFO  03:08:13 Application started. Press Ctrl+C to shut down.
INFO  03:08:13 Hosting environment: Development
INFO  03:08:13 Hosting environment: Development
INFO  03:08:13 Content root path: E:\CTS\Simulation Project\roomie1\List
INFO  03:08:13 Content root path: E:\CTS\Simulation Project\roomie1\List
INFO  03:15:15 Application started. Press Ctrl+C to shut down.
INFO  03:15:15 Application started. Press Ctrl+C to shut down.
INFO  03:15:15 Hosting environment: Development
INFO  03:15:15 Hosting environment: Development
INFO  03:15:15 Content root path: E:\CTS\Simulation Project\roomie1\List
INFO  03:15:15 Content root path: E:\CTS\Simulation Project\roomie1\List
INFO  03:21:26 Application started. Press Ctrl+C to shut down.
INFO  03:21:26 Application started. Press Ctrl+C to shut down.
INFO  03:21:26 Hosting environment: Development
INFO  03:21:26 Hosting environment: Development
INFO  03:21:26 Content root path: E:\CTS\Simulation Project\roomie1\List
INFO  03:21:26 Content root path: E:\CTS\Simulation Project\roomie1\List
INFO  03:29:12 Application started. Press Ctrl+C to shut down.
INFO  03:29:12 Application started. Press Ctrl+C to shut down.
INFO  03:29:12 Hosting environment: Development
INFO  03:29:12 Hosting environment: Development
INFO  03:29:12 Content root path: E:\CTS\Simulation Project\roomie1\List
INFO  03:29:12 Content root path: E:\CTS\Simulation Project\roomie1\List
INFO  04:01:52 Application started. Press Ctrl+C to shut down.
INFO  04:01:52 Application started. Press Ctrl+C to shut down.
INFO  04:01:52 Hosting environment: Development
INFO  04:01:52 Hosting environment: Development
INFO  04:01:52 Content root path: E:\CTS\Simulation Project\roomie1\List
INFO  04:01:52 Content root path: E:\CTS\Simulation Project\roomie1\List
INFO  04:02:16 API initiated
INFO  05:01:12 Application started. Press Ctrl+C to shut down.
INFO  05:01:12 Application started. Press Ctrl+C to shut down.
INFO  05:01:12 Hosting environment: Development
INFO  05:01:12 Hosting environment: Development
INFO  05:01:12 Content root path: E:\CTS\Simulation Project\roomie1\List
INFO  05:01:12 Content root path: E:\CTS\Simulation Project\roomie1\List
INFO  09:55:36 Application started. Press Ctrl+C to shut down.
INFO  09:55:36 Application started. Press Ctrl+C to shut down.
INFO  09:55:36 Hosting environment: Development
INFO  09:55:36 Hosting environment: Development
INFO  09:55:36 Content root path: E:\CTS\Simulation Project\roomie1\Login
INFO  09:55:36 Content root path: E:\CTS\Simulation Project\roomie1\Login
INFO  09:56:38 Login credential matched
INFO  09:14:41 Application started. Press Ctrl+C to shut down.
INFO  09:14:41 Application started. Press Ctrl+C to shut down.
INFO  09:14:41 Hosting environment: Development
INFO  09:14:41 Hosting environment: Development
INFO  09:14:41 Content root path: E:\CTS\Simulation Project\roomie1\Login
INFO  09:14:41 Content root path: E:\CTS\Simulation Project\roomie1\Login
INFO  09:17:21 Login credential matched
INFO  02:25:12 Application started. Press Ctrl+C to shut down.
INFO  02:25:12 Application started. Press Ctrl+C to shut down.
INFO  02:25:12 Hosting environment: Development
INFO  02:25:12 Hosting environment: Development
INFO  02:25:12 Content root path: E:\CTS\Simulation Project\roomie1\List
INFO  02:25:12 Content root path: E:\CTS\Simulation Project\roomie1\List
INFO  02:25:45 API initiated
INFO  02:33:00 Application started. Press Ctrl+C to shut down.
INFO  02:33:00 Application started. Press Ctrl+C to shut down.
INFO  02:33:00 Hosting environment: Development
INFO  02:33:00 Hosting environment: Development
INFO  02:33:00 Content root path: E:\CTS\Simulation Project\roomie1\List
INFO  02:33:00 Content root path: E:\CTS\Simulation Project\roomie1\List
INFO  02:33:49 Application started. Press Ctrl+C to shut down.
INFO  02:33:49 Application started. Press Ctrl+C to shut down.
INFO  02:33:49 Hosting environment: Development
INFO  02:33:49 Hosting environment: Development
INFO  02:33:49 Content root path: E:\CTS\Simulation Project\roomie1\Login
INFO  02:33:49 Content root path: E:\CTS\Simulation Project\roomie1\Login
INFO  02:38:05 Login credential matched
INFO  02:47:23 Login credential matched
INFO  02:47:30 Login credential matched
INFO  02:51:43 Login credential matched
INFO  02:55:52 Login credential matched
INFO  03:00:59 Login credential matched
INFO  06:33:57 Application started. Press Ctrl+C to shut down.
INFO  06:33:57 Application started. Press Ctrl+C to shut down.
INFO  06:33:57 Hosting environment: Development
INFO  06:33:57 Hosting environment: Development
INFO  06:33:57 Content root path: E:\CTS\Simulation Project\roomie1\Login
INFO  06:33:57 Content root path: E:\CTS\Simulation Project\roomie1\Login
INFO  06:34:22 Login credential matched
